21:31:18.737 [main] ERROR epam.servlets.dao.pool.ConnectionPool - java.lang.ClassNotFoundException: com.mysql.jdbc.Driver
21:31:18.745 [main] ERROR epam.servlets.dao.pool.ConnectionPool - com.epam.servlets.dao.pool.PoolException: Can't find driver class for database!
21:32:16.173 [main] ERROR epam.servlets.dao.pool.ConnectionPool - java.lang.ClassNotFoundException: com.mysql.jdbc.Driver
21:32:16.182 [main] ERROR epam.servlets.dao.pool.ConnectionPool - com.epam.servlets.dao.pool.PoolException: Can't find driver class for database!
21:33:51.292 [main] ERROR epam.servlets.dao.pool.ConnectionPool - java.lang.ClassNotFoundException: com.mysql.jdbc.Driver
21:33:51.299 [main] ERROR epam.servlets.dao.pool.ConnectionPool - com.epam.servlets.dao.pool.PoolException: Can't find driver class for database!
21:34:07.400 [main] ERROR epam.servlets.dao.pool.ConnectionPool - java.lang.ClassNotFoundException: com.mysql.jdbc.Driver
21:34:07.410 [main] ERROR epam.servlets.dao.pool.ConnectionPool - com.epam.servlets.dao.pool.PoolException: Can't find driver class for database!
21:35:32.985 [main] ERROR epam.servlets.dao.pool.ConnectionPool - java.lang.ClassNotFoundException: com.mysql.jdbc.Driver
21:35:32.998 [main] ERROR epam.servlets.dao.pool.ConnectionPool - com.epam.servlets.dao.pool.PoolException: Can't find driver class for database!
21:40:55.533 [main] ERROR epam.servlets.dao.pool.ConnectionPool - java.lang.ClassNotFoundException: com.mysql.jdbc.Driver
21:40:55.544 [main] ERROR epam.servlets.dao.pool.ConnectionPool - com.epam.servlets.dao.pool.PoolException: Can't find driver class for database!
21:41:09.329 [main] ERROR epam.servlets.dao.pool.ConnectionPool - java.lang.ClassNotFoundException: com.mysql.jdbc.Driver
21:41:09.336 [main] ERROR epam.servlets.dao.pool.ConnectionPool - com.epam.servlets.dao.pool.PoolException: Can't find driver class for database!
21:42:04.465 [main] ERROR epam.servlets.dao.pool.ConnectionPool - java.lang.ClassNotFoundException: com.mysql.jdbc.Driver
21:42:04.471 [main] ERROR epam.servlets.dao.pool.ConnectionPool - com.epam.servlets.dao.pool.PoolException: Can't find driver class for database!
21:43:19.594 [main] ERROR epam.servlets.dao.pool.ConnectionPool - java.lang.ClassNotFoundException: com.mysql.jdbc.Driver
21:43:19.690 [main] ERROR epam.servlets.dao.pool.ConnectionPool - com.epam.servlets.dao.pool.PoolException: Can't find driver class for database!
21:46:38.999 [main] ERROR epam.servlets.dao.pool.ConnectionPool - com.mysql.cj.jdbc.exceptions.CommunicationsException: Communications link failure

The last packet sent successfully to the server was 0 milliseconds ago. The driver has not received any packets from the server.
21:46:39.091 [main] ERROR epam.servlets.dao.pool.ConnectionPool - com.epam.servlets.dao.pool.PoolException: SQL Exception during initializing Connection Pool!
